#
# There is insufficient memory for the Java Runtime Environment to continue.
# Native memory allocation (malloc) failed to allocate 1406096 bytes. Error detail: Chunk::new
# Possible reasons:
#   The system is out of physical RAM or swap space
#   This process is running with CompressedOops enabled, and the Java Heap may be blocking the growth of the native heap
# Possible solutions:
#   Reduce memory load on the system
#   Increase physical memory or swap space
#   Check if swap backing store is full
#   Decrease Java heap size (-Xmx/-Xms)
#   Decrease number of Java threads
#   Decrease Java thread stack sizes (-Xss)
#   Set larger code cache with -XX:ReservedCodeCacheSize=
#   JVM is running with Unscaled Compressed Oops mode in which the Java heap is
#     placed in the first 4GB address space. The Java Heap base address is the
#     maximum limit for the native heap growth. Please use -XX:HeapBaseMinAddress
#     to set the Java Heap base and to place the Java Heap above 4GB virtual address.
# This output file may be truncated or incomplete.
#
#  Out of Memory Error (arena.cpp:162), pid=4952, tid=9884
#
# JRE version: Java(TM) SE Runtime Environment (24.0.2+12) (build 24.0.2+12-54)
# Java VM: Java HotSpot(TM) 64-Bit Server VM (24.0.2+12-54, mixed mode, sharing, tiered, compressed oops, compressed class ptrs, g1 gc, windows-amd64)
# No core dump will be written. Minidumps are not enabled by default on client versions of Windows
#

---------------  S U M M A R Y ------------

Command Line: -javaagent:C:\Users\VALERIE\Nueva carpeta\java.vale\IntelliJ IDEA Community Edition 2024.3.1\lib\idea_rt.jar=51056:C:\Users\VALERIE\Nueva carpeta\java.vale\IntelliJ IDEA Community Edition 2024.3.1\bin -Dfile.encoding=UTF-8 -Dsun.stdout.encoding=UTF-8 -Dsun.stderr.encoding=UTF-8 com.ces2.trabajo3.Trabajo3Application

Host: Intel(R) Core(TM) i3-10110U CPU @ 2.10GHz, 4 cores, 3G,  Windows 10 , 64 bit Build 19041 (10.0.19041.5915)
Time: Tue Nov 18 16:20:27 2025 Hora est. Pacífico, Sudamérica elapsed time: 0.553812 seconds (0d 0h 0m 0s)

---------------  T H R E A D  ---------------

Current thread (0x00000238d16fce70):  JavaThread "C2 CompilerThread0" daemon [_thread_in_native, id=9884, stack(0x0000004a45000000,0x0000004a45100000) (1024K)]


Current CompileTask:
C2:553  686       4       java.lang.StringLatin1::replace (197 bytes)

Stack: [0x0000004a45000000,0x0000004a45100000]
Native frames: (J=compiled Java code, j=interpreted, Vv=VM code, C=native code)
V  [jvm.dll+0x730829]  (no source info available)
V  [jvm.dll+0x8d9da3]  (no source info available)
V  [jvm.dll+0x8dc28d]  (no source info available)
V  [jvm.dll+0x8dc903]  (no source info available)
V  [jvm.dll+0x2a9f56]  (no source info available)
V  [jvm.dll+0xced7f]  (no source info available)
V  [jvm.dll+0xcefdf]  (no source info available)
V  [jvm.dll+0x154c83]  (no source info available)
V  [jvm.dll+0x73604f]  (no source info available)
V  [jvm.dll+0x26f8dc]  (no source info available)
V  [jvm.dll+0x26e8ff]  (no source info available)
V  [jvm.dll+0x1e9c90]  (no source info available)
V  [jvm.dll+0x27e0cb]  (no source info available)
V  [jvm.dll+0x27c36a]  (no source info available)
V  [jvm.dll+0x42f396]  (no source info available)
V  [jvm.dll+0x87d9eb]  (no source info available)
V  [jvm.dll+0x72ef45]  (no source info available)
C  [ucrtbase.dll+0x21bb2]  (no source info available)
C  [KERNEL32.DLL+0x17374]  (no source info available)
C  [ntdll.dll+0x4cc91]  (no source info available)

Lock stack of current Java thread (top to bottom):


---------------  P R O C E S S  ---------------

Threads class SMR info:
_java_thread_list=0x00000239170736e0, length=12, elements={
0x00000238b65a1070, 0x00000238d16cb770, 0x00000238d16cd4b0, 0x00000238d16d12b0,
0x00000238d16d1de0, 0x00000238d16d50c0, 0x00000238d16f9860, 0x00000238d16fce70,
0x00000238d1701dc0, 0x00000238d18de5d0, 0x000002391707e020, 0x00000239170a2290
}

Java Threads: ( => current thread )
  0x00000238b65a1070 JavaThread "main"                              [_thread_in_vm, id=15148, stack(0x0000004a44200000,0x0000004a44300000) (1024K)]
  0x00000238d16cb770 JavaThread "Reference Handler"          daemon [_thread_blocked, id=11252, stack(0x0000004a44a00000,0x0000004a44b00000) (1024K)]
  0x00000238d16cd4b0 JavaThread "Finalizer"                  daemon [_thread_blocked, id=1636, stack(0x0000004a44b00000,0x0000004a44c00000) (1024K)]
  0x00000238d16d12b0 JavaThread "Signal Dispatcher"          daemon [_thread_blocked, id=7420, stack(0x0000004a44c00000,0x0000004a44d00000) (1024K)]
  0x00000238d16d1de0 JavaThread "Attach Listener"            daemon [_thread_blocked, id=2680, stack(0x0000004a44d00000,0x0000004a44e00000) (1024K)]
  0x00000238d16d50c0 JavaThread "Service Thread"             daemon [_thread_blocked, id=13408, stack(0x0000004a44e00000,0x0000004a44f00000) (1024K)]
  0x00000238d16f9860 JavaThread "Monitor Deflation Thread"   daemon [_thread_blocked, id=13216, stack(0x0000004a44f00000,0x0000004a45000000) (1024K)]
=>0x00000238d16fce70 JavaThread "C2 CompilerThread0"         daemon [_thread_in_native, id=9884, stack(0x0000004a45000000,0x0000004a45100000) (1024K)]
  0x00000238d1701dc0 JavaThread "C1 CompilerThread0"         daemon [_thread_in_native, id=12680, stack(0x0000004a45100000,0x0000004a45200000) (1024K)]
  0x00000238d18de5d0 JavaThread "Common-Cleaner"             daemon [_thread_blocked, id=4140, stack(0x0000004a45200000,0x0000004a45300000) (1024K)]
  0x000002391707e020 JavaThread "Monitor Ctrl-Break"         daemon [_thread_in_native, id=13948, stack(0x0000004a45300000,0x0000004a45400000) (1024K)]
  0x00000239170a2290 JavaThread "Notification Thread"        daemon [_thread_blocked, id=17128, stack(0x0000004a45400000,0x0000004a45500000) (1024K)]
Total: 12

Other Threads:
  0x00000238b665b840 VMThread "VM Thread"                           [id=17300, stack(0x0000004a44900000,0x0000004a44a00000) (1024K)]
  0x00000238d16ba200 WatcherThread "VM Periodic Task Thread"        [id=13568, stack(0x0000004a44800000,0x0000004a44900000) (1024K)]
  0x00000238b65da0e0 WorkerThread "GC Thread#0"                     [id=8688, stack(0x0000004a44300000,0x0000004a44400000) (1024K)]
  0x00000238b65e49d0 ConcurrentGCThread "G1 Main Marker"            [id=9720, stack(0x0000004a44400000,0x0000004a44500000) (1024K)]
  0x00000238b65e6b30 WorkerThread "G1 Conc#0"                       [id=1364, stack(0x0000004a44500000,0x0000004a44600000) (1024K)]
  0x00000238b663fb30 ConcurrentGCThread "G1 Refine#0"               [id=17396, stack(0x0000004a44600000,0x0000004a44700000) (1024K)]
  0x00000238b6640550 ConcurrentGCThread "G1 Service"                [id=2696, stack(0x0000004a44700000,0x0000004a44800000) (1024K)]
Total: 7

Threads with active compile tasks:
C2 CompilerThread0  677  686       4       java.lang.StringLatin1::replace (197 bytes)
Total: 1

VM state: not at safepoint (normal execution)

VM Mutex/Monitor currently owned by a thread: None

Heap address: 0x00000000c3000000, size: 976 MB, Compressed Oops mode: 32-bit

CDS archive(s) mapped at: [0x00000238d2000000-0x00000238d2d40000-0x00000238d2d40000), size 13893632, SharedBaseAddress: 0x00000238d2000000, ArchiveRelocationMode: 1.
Compressed class space mapped at: 0x00000238d3000000-0x0000023913000000, reserved size: 1073741824
UseCompressedClassPointers 1, UseCompactObjectHeaders 0
Narrow klass pointer bits 32, Max shift 3
Narrow klass base: 0x00000238d2000000, Narrow klass shift: 0
Encoding Range: [0x00000238d2000000 - 0x00000239d2000000), (4294967296 bytes)
Klass Range:    [0x00000238d2000000 - 0x0000023913000000), (1090519040 bytes)
Klass ID Range:  [8 - 1090519033) (1090519025)

GC Precious Log:
 CardTable entry size: 512
 Card Set container configuration: InlinePtr #cards 5 size 8 Array Of Cards #cards 10 size 36 Howl #buckets 4 coarsen threshold 1843 Howl Bitmap #cards 512 size 80 coarsen threshold 460 Card regions per heap region 1 cards per card region 2048
 CPUs: 4 total, 4 available
 Memory: 3900M
 Large Page Support: Disabled
 NUMA Support: Disabled
 Compressed Oops: Enabled (32-bit)
 Heap Region Size: 1M
 Heap Min Capacity: 8M
 Heap Initial Capacity: 62M
 Heap Max Capacity: 976M
 Pre-touch: Disabled
 Parallel Workers: 4
 Concurrent Workers: 1
 Concurrent Refinement Workers: 4
 Periodic GC: Disabled

Heap:
 garbage-first heap   total reserved 999424K, committed 65536K, used 14452K [0x00000000c3000000, 0x0000000100000000)
  region size 1024K, 14 young (14336K), 0 survivors (0K)
 Metaspace       used 3591K, committed 3776K, reserved 1114112K
  class space    used 291K, committed 384K, reserved 1048576K

Heap Regions: E=young(eden), S=young(survivor), O=old, HS=humongous(starts), HC=humongous(continues), CS=collection set, F=free, TAMS=top-at-mark-start, PB=parsable bottom
|   0|0x00000000c3000000, 0x00000000c3000000, 0x00000000c3100000|  0%| F|  |TAMS 0x00000000c3000000| PB 0x00000000c3000000| Untracked |  0
|   1|0x00000000c3100000, 0x00000000c3100000, 0x00000000c3200000|  0%| F|  |TAMS 0x00000000c3100000| PB 0x00000000c3100000| Untracked |  0
|   2|0x00000000c3200000, 0x00000000c3200000, 0x00000000c3300000|  0%| F|  |TAMS 0x00000000c3200000| PB 0x00000000c3200000| Untracked |  0
|   3|0x00000000c3300000, 0x00000000c3300000, 0x00000000c3400000|  0%| F|  |TAMS 0x00000000c3300000| PB 0x00000000c3300000| Untracked |  0
|   4|0x00000000c3400000, 0x00000000c3400000, 0x00000000c3500000|  0%| F|  |TAMS 0x00000000c3400000| PB 0x00000000c3400000| Untracked |  0
|   5|0x00000000c3500000, 0x00000000c3500000, 0x00000000c3600000|  0%| F|  |TAMS 0x00000000c3500000| PB 0x00000000c3500000| Untracked |  0
|   6|0x00000000c3600000, 0x00000000c3600000, 0x00000000c3700000|  0%| F|  |TAMS 0x00000000c3600000| PB 0x00000000c3600000| Untracked |  0
|   7|0x00000000c3700000, 0x00000000c3700000, 0x00000000c3800000|  0%| F|  |TAMS 0x00000000c3700000| PB 0x00000000c3700000| Untracked |  0
|   8|0x00000000c3800000, 0x00000000c3800000, 0x00000000c3900000|  0%| F|  |TAMS 0x00000000c3800000| PB 0x00000000c3800000| Untracked |  0
|   9|0x00000000c3900000, 0x00000000c3900000, 0x00000000c3a00000|  0%| F|  |TAMS 0x00000000c3900000| PB 0x00000000c3900000| Untracked |  0
|  10|0x00000000c3a00000, 0x00000000c3a00000, 0x00000000c3b00000|  0%| F|  |TAMS 0x00000000c3a00000| PB 0x00000000c3a00000| Untracked |  0
|  11|0x00000000c3b00000, 0x00000000c3b00000, 0x00000000c3c00000|  0%| F|  |TAMS 0x00000000c3b00000| PB 0x00000000c3b00000| Untracked |  0
|  12|0x00000000c3c00000, 0x00000000c3c00000, 0x00000000c3d00000|  0%| F|  |TAMS 0x00000000c3c00000| PB 0x00000000c3c00000| Untracked |  0
|  13|0x00000000c3d00000, 0x00000000c3d00000, 0x00000000c3e00000|  0%| F|  |TAMS 0x00000000c3d00000| PB 0x00000000c3d00000| Untracked |  0
|  14|0x00000000c3e00000, 0x00000000c3e00000, 0x00000000c3f00000|  0%| F|  |TAMS 0x00000000c3e00000| PB 0x00000000c3e00000| Untracked |  0
|  15|0x00000000c3f00000, 0x00000000c3f00000, 0x00000000c4000000|  0%| F|  |TAMS 0x00000000c3f00000| PB 0x00000000c3f00000| Untracked |  0
|  16|0x00000000c4000000, 0x00000000c4000000, 0x00000000c4100000|  0%| F|  |TAMS 0x00000000c4000000| PB 0x00000000c4000000| Untracked |  0
|  17|0x00000000c4100000, 0x00000000c4100000, 0x00000000c4200000|  0%| F|  |TAMS 0x00000000c4100000| PB 0x00000000c4100000| Untracked |  0
|  18|0x00000000c4200000, 0x00000000c4200000, 0x00000000c4300000|  0%| F|  |TAMS 0x00000000c4200000| PB 0x00000000c4200000| Untracked |  0
|  19|0x00000000c4300000, 0x00000000c4300000, 0x00000000c4400000|  0%| F|  |TAMS 0x00000000c4300000| PB 0x00000000c4300000| Untracked |  0
|  20|0x00000000c4400000, 0x00000000c4400000, 0x00000000c4500000|  0%| F|  |TAMS 0x00000000c4400000| PB 0x00000000c4400000| Untracked |  0
|  21|0x00000000c4500000, 0x00000000c4500000, 0x00000000c4600000|  0%| F|  |TAMS 0x00000000c4500000| PB 0x00000000c4500000| Untracked |  0
|  22|0x00000000c4600000, 0x00000000c4600000, 0x00000000c4700000|  0%| F|  |TAMS 0x00000000c4600000| PB 0x00000000c4600000| Untracked |  0
|  23|0x00000000c4700000, 0x00000000c4700000, 0x00000000c4800000|  0%| F|  |TAMS 0x00000000c4700000| PB 0x00000000c4700000| Untracked |  0
|  24|0x00000000c4800000, 0x00000000c4800000, 0x00000000c4900000|  0%| F|  |TAMS 0x00000000c4800000| PB 0x00000000c4800000| Untracked |  0
|  25|0x00000000c4900000, 0x00000000c4900000, 0x00000000c4a00000|  0%| F|  |TAMS 0x00000000c4900000| PB 0x00000000c4900000| Untracked |  0
|  26|0x00000000c4a00000, 0x00000000c4a00000, 0x00000000c4b00000|  0%| F|  |TAMS 0x00000000c4a00000| PB 0x00000000c4a00000| Untracked |  0
|  27|0x00000000c4b00000, 0x00000000c4b00000, 0x00000000c4c00000|  0%| F|  |TAMS 0x00000000c4b00000| PB 0x00000000c4b00000| Untracked |  0
|  28|0x00000000c4c00000, 0x00000000c4c00000, 0x00000000c4d00000|  0%| F|  |TAMS 0x00000000c4c00000| PB 0x00000000c4c00000| Untracked |  0
|  29|0x00000000c4d00000, 0x00000000c4d00000, 0x00000000c4e00000|  0%| F|  |TAMS 0x00000000c4d00000| PB 0x00000000c4d00000| Untracked |  0
|  30|0x00000000c4e00000, 0x00000000c4e00000, 0x00000000c4f00000|  0%| F|  |TAMS 0x00000000c4e00000| PB 0x00000000c4e00000| Untracked |  0
|  31|0x00000000c4f00000, 0x00000000c4f00000, 0x00000000c5000000|  0%| F|  |TAMS 0x00000000c4f00000| PB 0x00000000c4f00000| Untracked |  0
|  32|0x00000000c5000000, 0x00000000c5000000, 0x00000000c5100000|  0%| F|  |TAMS 0x00000000c5000000| PB 0x00000000c5000000| Untracked |  0
|  33|0x00000000c5100000, 0x00000000c5100000, 0x00000000c5200000|  0%| F|  |TAMS 0x00000000c5100000| PB 0x00000000c5100000| Untracked |  0
|  34|0x00000000c5200000, 0x00000000c5200000, 0x00000000c5300000|  0%| F|  |TAMS 0x00000000c5200000| PB 0x00000000c5200000| Untracked |  0
|  35|0x00000000c5300000, 0x00000000c5300000, 0x00000000c5400000|  0%| F|  |TAMS 0x00000000c5300000| PB 0x00000000c5300000| Untracked |  0
|  36|0x00000000c5400000, 0x00000000c5400000, 0x00000000c5500000|  0%| F|  |TAMS 0x00000000c5400000| PB 0x00000000c5400000| Untracked |  0
|  37|0x00000000c5500000, 0x00000000c5500000, 0x00000000c5600000|  0%| F|  |TAMS 0x00000000c5500000| PB 0x00000000c5500000| Untracked |  0
|  38|0x00000000c5600000, 0x00000000c5600000, 0x00000000c5700000|  0%| F|  |TAMS 0x00000000c5600000| PB 0x00000000c5600000| Untracked |  0
|  39|0x00000000c5700000, 0x00000000c5700000, 0x00000000c5800000|  0%| F|  |TAMS 0x00000000c5700000| PB 0x00000000c5700000| Untracked |  0
|  40|0x00000000c5800000, 0x00000000c5800000, 0x00000000c5900000|  0%| F|  |TAMS 0x00000000c5800000| PB 0x00000000c5800000| Untracked |  0
|  41|0x00000000c5900000, 0x00000000c5900000, 0x00000000c5a00000|  0%| F|  |TAMS 0x00000000c5900000| PB 0x00000000c5900000| Untracked |  0
|  42|0x00000000c5a00000, 0x00000000c5a00000, 0x00000000c5b00000|  0%| F|  |TAMS 0x00000000c5a00000| PB 0x00000000c5a00000| Untracked |  0
|  43|0x00000000c5b00000, 0x00000000c5b00000, 0x00000000c5c00000|  0%| F|  |TAMS 0x00000000c5b00000| PB 0x00000000c5b00000| Untracked |  0
|  44|0x00000000c5c00000, 0x00000000c5c00000, 0x00000000c5d00000|  0%| F|  |TAMS 0x00000000c5c00000| PB 0x00000000c5c00000| Untracked |  0
|  45|0x00000000c5d00000, 0x00000000c5d00000, 0x00000000c5e00000|  0%| F|  |TAMS 0x00000000c5d00000| PB 0x00000000c5d00000| Untracked |  0
|  46|0x00000000c5e00000, 0x00000000c5e00000, 0x00000000c5f00000|  0%| F|  |TAMS 0x00000000c5e00000| PB 0x00000000c5e00000| Untracked |  0
|  47|0x00000000c5f00000, 0x00000000c5f00000, 0x00000000c6000000|  0%| F|  |TAMS 0x00000000c5f00000| PB 0x00000000c5f00000| Untracked |  0
|  48|0x00000000c6000000, 0x00000000c6080000, 0x00000000c6100000| 50%| E|  |TAMS 0x00000000c6000000| PB 0x00000000c6000000| Complete |  0
|  49|0x00000000c6100000, 0x00000000c6200000, 0x00000000c6200000|100%| E|CS|TAMS 0x00000000c6100000| PB 0x00000000c6100000| Complete |  0
|  50|0x00000000c6200000, 0x00000000c6300000, 0x00000000c6300000|100%| E|CS|TAMS 0x00000000c6200000| PB 0x00000000c6200000| Complete |  0
|  51|0x00000000c6300000, 0x00000000c6400000, 0x00000000c6400000|100%| E|CS|TAMS 0x00000000c6300000| PB 0x00000000c6300000| Complete |  0
|  52|0x00000000c6400000, 0x00000000c6500000, 0x00000000c6500000|100%| E|CS|TAMS 0x00000000c6400000| PB 0x00000000c6400000| Complete |  0
|  53|0x00000000c6500000, 0x00000000c6600000, 0x00000000c6600000|100%| E|CS|TAMS 0x00000000c6500000| PB 0x00000000c6500000| Complete |  0
|  54|0x00000000c6600000, 0x00000000c6700000, 0x00000000c6700000|100%| E|CS|TAMS 0x00000000c6600000| PB 0x00000000c6600000| Complete |  0
|  55|0x00000000c6700000, 0x00000000c6800000, 0x00000000c6800000|100%| E|CS|TAMS 0x00000000c6700000| PB 0x00000000c6700000| Complete |  0
|  56|0x00000000c6800000, 0x00000000c6900000, 0x00000000c6900000|100%| E|CS|TAMS 0x00000000c6800000| PB 0x00000000c6800000| Complete |  0
|  57|0x00000000c6900000, 0x00000000c6a00000, 0x00000000c6a00000|100%| E|CS|TAMS 0x00000000c6900000| PB 0x00000000c6900000| Complete |  0
|  58|0x00000000c6a00000, 0x00000000c6b00000, 0x00000000c6b00000|100%| E|CS|TAMS 0x00000000c6a00000| PB 0x00000000c6a00000| Complete |  0
|  59|0x00000000c6b00000, 0x00000000c6c00000, 0x00000000c6c00000|100%| E|CS|TAMS 0x00000000c6b00000| PB 0x00000000c6b00000| Complete |  0
|  60|0x00000000c6c00000, 0x00000000c6d00000, 0x00000000c6d00000|100%| E|CS|TAMS 0x00000000c6c00000| PB 0x00000000c6c00000| Complete |  0
|  61|0x00000000c6d00000, 0x00000000c6e00000, 0x00000000c6e00000|100%| E|CS|TAMS 0x00000000c6d00000| PB 0x00000000c6d00000| Complete |  0
| 974|0x00000000ffe00000, 0x00000000fff00000, 0x00000000fff00000|100%| O|  |TAMS 0x00000000ffe00000| PB 0x00000000ffe00000| Untracked |  0
| 975|0x00000000fff00000, 0x00000000fff1d248, 0x0000000100000000| 11%| O|  |TAMS 0x00000000fff00000| PB 0x00000000fff00000| Untracked |  0

Card table byte_map: [0x00000238ce030000,0x00000238ce220000] _byte_map_base: 0x00000238cda18000

Marking Bits: (CMBitMap*) 0x00000238b65da690
 Bits: [0x00000238ce220000, 0x00000238cf160000)

Polling page: 0x00000238b5d70000

Metaspace:

Usage:
  Non-class:      3.24 MB used.
      Class:    295.28 KB used.
       Both:      3.53 MB used.

Virtual space:
  Non-class space:       64.00 MB reserved,       3.31 MB (  5%) committed,  1 nodes.
      Class space:        1.00 GB reserved,     384.00 KB ( <1%) committed,  1 nodes.
             Both:        1.06 GB reserved,       3.69 MB ( <1%) committed. 

Chunk freelists:
   Non-Class:  10.45 MB
       Class:  15.58 MB
        Both:  26.03 MB

MaxMetaspaceSize: unlimited
CompressedClassSpaceSize: 1.00 GB
Initial GC threshold: 21.00 MB
Current GC threshold: 21.00 MB
CDS: on
 - commit_granule_bytes: 65536.
 - commit_granule_words: 8192.
 - virtual_space_node_default_size: 8388608.
 - enlarge_chunks_in_place: 1.
UseCompressedClassPointers 1, UseCompactObjectHeaders 0
Narrow klass pointer bits 32, Max shift 3
Narrow klass base: 0x00000238d2000000, Narrow klass shift: 0
Encoding Range: [0x00000238d2000000 - 0x00000239d2000000), (4294967296 bytes)
Klass Range:    [0x00000238d2000000 - 0x0000023913000000), (1090519040 bytes)
Klass ID Range:  [8 - 1090519033) (1090519025)


Internal statistics:

num_allocs_failed_limit: 0.
num_arena_births: 58.
num_arena_deaths: 0.
num_vsnodes_births: 2.
num_vsnodes_deaths: 0.
num_space_committed: 59.
num_space_uncommitted: 0.
num_chunks_returned_to_freelist: 0.
num_chunks_taken_from_freelist: 152.
num_chunk_merges: 0.
num_chunk_splits: 94.
num_chunks_enlarged: 65.
num_inconsistent_stats: 0.

CodeHeap 'non-profiled nmethods': size=120064Kb used=242Kb max_used=242Kb free=119821Kb
 bounds [0x00000238c6900000, 0x00000238c6b70000, 0x00000238cde40000]
CodeHeap 'profiled nmethods': size=120000Kb used=1238Kb max_used=1238Kb free=118761Kb
 bounds [0x00000238bee40000, 0x00000238bf0b0000, 0x00000238c6370000]
CodeHeap 'non-nmethods': size=5696Kb used=1287Kb max_used=1301Kb free=4408Kb
 bounds [0x00000238c6370000, 0x00000238c65e0000, 0x00000238c6900000]
CodeCache: size=245760Kb, used=2767Kb, max_used=2781Kb, free=242990Kb
 total_blobs=1332, nmethods=883, adapters=354, full_count=0
Compilation: enabled, stopped_count=0, restarted_count=0

Compilation events (20 events):
Event: 0.541 Thread 0x00000238d1701dc0  697       3       java.net.URL::getDefaultPort (8 bytes)
Event: 0.541 Thread 0x00000238d1701dc0 nmethod 697 0x00000238bef1f808 code [0x00000238bef1f920, 0x00000238bef1fb10]
Event: 0.542 Thread 0x00000238d1701dc0  698       3       java.net.URL::toString (5 bytes)
Event: 0.542 Thread 0x00000238d1701dc0 nmethod 698 0x00000238bef1fb88 code [0x00000238bef1fca0, 0x00000238bef1ff50]
Event: 0.542 Thread 0x00000238d1701dc0  699       3       java.net.URL::toExternalForm (9 bytes)
Event: 0.542 Thread 0x00000238d1701dc0 nmethod 699 0x00000238bef1ff88 code [0x00000238bef200a0, 0x00000238bef20270]
Event: 0.547 Thread 0x00000238d1701dc0  700   !   3       java.lang.invoke.MemberName$Factory::resolve (159 bytes)
Event: 0.548 Thread 0x00000238d1701dc0 nmethod 700 0x00000238bef20308 code [0x00000238bef204c0, 0x00000238bef20d80]
Event: 0.548 Thread 0x00000238d1701dc0  702       3       jdk.internal.classfile.impl.BufWriterImpl::writeU1 (24 bytes)
Event: 0.548 Thread 0x00000238d1701dc0 nmethod 702 0x00000238bef20e08 code [0x00000238bef20f40, 0x00000238bef211f0]
Event: 0.548 Thread 0x00000238d1701dc0  701       3       jdk.internal.classfile.impl.AbstractElement::<init> (5 bytes)
Event: 0.548 Thread 0x00000238d1701dc0 nmethod 701 0x00000238bef21208 code [0x00000238bef21320, 0x00000238bef21480]
Event: 0.548 Thread 0x00000238d1701dc0  703       1       java.lang.classfile.Opcode::bytecode (5 bytes)
Event: 0.548 Thread 0x00000238d1701dc0 nmethod 703 0x00000238c6937388 code [0x00000238c6937480, 0x00000238c6937548]
Event: 0.551 Thread 0x00000238d1701dc0  704       3       java.lang.invoke.MethodType::methodType (69 bytes)
Event: 0.551 Thread 0x00000238d1701dc0 nmethod 704 0x00000238bef21508 code [0x00000238bef21680, 0x00000238bef21b08]
Event: 0.551 Thread 0x00000238d1701dc0  705       3       jdk.internal.constant.ClassOrInterfaceDescImpl::ofValidated (64 bytes)
Event: 0.551 Thread 0x00000238d1701dc0 nmethod 705 0x00000238bef21b88 code [0x00000238bef21ca0, 0x00000238bef21f20]
Event: 0.551 Thread 0x00000238d1701dc0  706       3       jdk.internal.constant.ClassOrInterfaceDescImpl::<init> (10 bytes)
Event: 0.552 Thread 0x00000238d1701dc0 nmethod 706 0x00000238bef21f88 code [0x00000238bef220a0, 0x00000238bef22250]

GC Heap History (0 events):
No events

Dll operation events (10 events):
Event: 0.013 Loaded shared library C:\Program Files\Java\jdk-24\bin\java.dll
Event: 0.050 Loaded shared library C:\Program Files\Java\jdk-24\bin\jsvml.dll
Event: 0.196 Loaded shared library C:\Program Files\Java\jdk-24\bin\zip.dll
Event: 0.200 Loaded shared library C:\Program Files\Java\jdk-24\bin\instrument.dll
Event: 0.206 Loaded shared library C:\Program Files\Java\jdk-24\bin\net.dll
Event: 0.209 Loaded shared library C:\Program Files\Java\jdk-24\bin\nio.dll
Event: 0.213 Loaded shared library C:\Program Files\Java\jdk-24\bin\zip.dll
Event: 0.343 Loaded shared library C:\Users\VALERIE\Nueva carpeta\java.vale\IntelliJ IDEA Community Edition 2024.3.1\bin\breakgen64.dll
Event: 0.356 Loaded shared library C:\Program Files\Java\jdk-24\bin\extnet.dll
Event: 0.399 Loaded shared library C:\Program Files\Java\jdk-24\bin\jimage.dll

Deoptimization events (20 events):
Event: 0.344 Thread 0x00000238b65a1070 Uncommon trap: trap_request=0xffffff4d fr.pc=0x00000238c6900ed4 relative=0x00000000000000b4
Event: 0.344 Thread 0x00000238b65a1070 Uncommon trap: reason=unstable_if action=reinterpret pc=0x00000238c6900ed4 method=java.lang.String.isLatin1()Z @ 10 c2
Event: 0.344 Thread 0x00000238b65a1070 DEOPT PACKING pc=0x00000238c6900ed4 sp=0x0000004a442ff3a0
Event: 0.344 Thread 0x00000238b65a1070 DEOPT UNPACKING pc=0x00000238c6485882 sp=0x0000004a442ff2e0 mode 2
Event: 0.403 Thread 0x00000238b65a1070 Uncommon trap: trap_request=0xffffff4d fr.pc=0x00000238c6915d5c relative=0x000000000000005c
Event: 0.403 Thread 0x00000238b65a1070 Uncommon trap: reason=unstable_if action=reinterpret pc=0x00000238c6915d5c method=java.io.WinNTFileSystem.isSlash(C)Z @ 9 c2
Event: 0.403 Thread 0x00000238b65a1070 DEOPT PACKING pc=0x00000238c6915d5c sp=0x0000004a442fe040
Event: 0.403 Thread 0x00000238b65a1070 DEOPT UNPACKING pc=0x00000238c6485882 sp=0x0000004a442fdfc8 mode 2
Event: 0.406 Thread 0x00000238b65a1070 DEOPT PACKING pc=0x00000238bee72bf8 sp=0x0000004a442fd5d0
Event: 0.406 Thread 0x00000238b65a1070 DEOPT UNPACKING pc=0x00000238c63c5722 sp=0x0000004a442fca60 mode 0
Event: 0.407 Thread 0x00000238b65a1070 DEOPT PACKING pc=0x00000238bee72bf8 sp=0x0000004a442f9f00
Event: 0.407 Thread 0x00000238b65a1070 DEOPT UNPACKING pc=0x00000238c63c5722 sp=0x0000004a442f9390 mode 0
Event: 0.459 Thread 0x00000238b65a1070 Uncommon trap: trap_request=0xffffff4d fr.pc=0x00000238c69126f8 relative=0x0000000000000078
Event: 0.459 Thread 0x00000238b65a1070 Uncommon trap: reason=unstable_if action=reinterpret pc=0x00000238c69126f8 method=jdk.internal.misc.Unsafe.convEndian(ZS)S @ 4 c2
Event: 0.459 Thread 0x00000238b65a1070 DEOPT PACKING pc=0x00000238c69126f8 sp=0x0000004a442fd270
Event: 0.459 Thread 0x00000238b65a1070 DEOPT UNPACKING pc=0x00000238c6485882 sp=0x0000004a442fd1a0 mode 2
Event: 0.467 Thread 0x00000238b65a1070 Uncommon trap: trap_request=0xffffff4d fr.pc=0x00000238c6913674 relative=0x0000000000000074
Event: 0.467 Thread 0x00000238b65a1070 Uncommon trap: reason=unstable_if action=reinterpret pc=0x00000238c6913674 method=jdk.internal.misc.Unsafe.convEndian(ZI)I @ 4 c2
Event: 0.467 Thread 0x00000238b65a1070 DEOPT PACKING pc=0x00000238c6913674 sp=0x0000004a442fde90
Event: 0.467 Thread 0x00000238b65a1070 DEOPT UNPACKING pc=0x00000238c6485882 sp=0x0000004a442fddc0 mode 2

Classes loaded (20 events):
Event: 0.514 Loading class java/util/IdentityHashMap$EntryIterator
Event: 0.514 Loading class java/util/IdentityHashMap$EntryIterator done
Event: 0.514 Loading class java/util/IdentityHashMap$EntryIterator$Entry
Event: 0.514 Loading class java/util/IdentityHashMap$EntryIterator$Entry done
Event: 0.514 Loading class java/util/IdentityHashMap$ValueIterator
Event: 0.515 Loading class java/util/IdentityHashMap$ValueIterator done
Event: 0.542 Loading class java/io/FileNotFoundException
Event: 0.542 Loading class java/io/FileNotFoundException done
Event: 0.542 Loading class java/net/URISyntaxException
Event: 0.542 Loading class java/net/URISyntaxException done
Event: 0.542 Loading class java/nio/channels/ReadableByteChannel
Event: 0.542 Loading class java/nio/channels/Channel
Event: 0.542 Loading class java/nio/channels/Channel done
Event: 0.542 Loading class java/nio/channels/ReadableByteChannel done
Event: 0.542 Loading class java/io/UncheckedIOException
Event: 0.543 Loading class java/io/UncheckedIOException done
Event: 0.546 Loading class java/net/HttpURLConnection
Event: 0.546 Loading class java/net/HttpURLConnection done
Event: 0.550 Loading class java/net/URLDecoder
Event: 0.550 Loading class java/net/URLDecoder done

Classes unloaded (0 events):
No events

Classes redefined (0 events):
No events

Internal exceptions (7 events):
Event: 0.327 Thread 0x00000238b65a1070 Exception <a 'java/lang/NoSuchMethodError'{0x00000000c68c9948}: 'void java.lang.invoke.DirectMethodHandle$Holder.invokeStatic(java.lang.Object, java.lang.Object, java.lang.Object)'> (0x00000000c68c9948) 
thrown [s\open\src\hotspot\share\interpreter\linkResolver.cpp, line 805]
Event: 0.334 Thread 0x00000238b65a1070 Exception <a 'java/lang/NoSuchMethodError'{0x00000000c68fe508}: 'java.lang.Object java.lang.invoke.Invokers$Holder.invokeExact_MT(java.lang.Object, java.lang.Object, java.lang.Object, java.lang.Object, java.lang.Object)'> (0x00000000c68fe508) 
thrown [s\open\src\hotspot\share\interpreter\linkResolver.cpp, line 805]
Event: 0.353 Thread 0x000002391707e020 Exception <a 'java/lang/NoSuchMethodError'{0x00000000c67851f0}: 'java.lang.Object java.lang.invoke.DirectMethodHandle$Holder.invokeStaticInit(java.lang.Object)'> (0x00000000c67851f0) 
thrown [s\open\src\hotspot\share\interpreter\linkResolver.cpp, line 805]
Event: 0.358 Thread 0x000002391707e020 Exception <a 'java/lang/NoSuchMethodError'{0x00000000c678fdf8}: 'void java.lang.invoke.DirectMethodHandle$Holder.invokeStatic(java.lang.Object, java.lang.Object)'> (0x00000000c678fdf8) 
thrown [s\open\src\hotspot\share\interpreter\linkResolver.cpp, line 805]
Event: 0.441 Thread 0x00000238b65a1070 Exception <a 'java/lang/NoSuchMethodError'{0x00000000c6534420}: 'java.lang.Object java.lang.invoke.DelegatingMethodHandle$Holder.reinvoke_L(java.lang.Object, java.lang.Object, java.lang.Object, long, java.lang.Object)'> (0x00000000c6534420) 
thrown [s\open\src\hotspot\share\interpreter\linkResolver.cpp, line 805]
Event: 0.442 Thread 0x00000238b65a1070 Exception <a 'java/lang/NoSuchMethodError'{0x00000000c6544a18}: 'java.lang.Object java.lang.invoke.Invokers$Holder.linkToTargetMethod(java.lang.Object, long, java.lang.Object, java.lang.Object)'> (0x00000000c6544a18) 
thrown [s\open\src\hotspot\share\interpreter\linkResolver.cpp, line 805]
Event: 0.524 Thread 0x00000238b65a1070 Exception <a 'java/lang/NoSuchMethodError'{0x00000000c64f50f8}: 'void java.lang.invoke.DirectMethodHandle$Holder.invokeStatic(java.lang.Object, java.lang.Object, java.lang.Object, java.lang.Object)'> (0x00000000c64f50f8) 
thrown [s\open\src\hotspot\share\interpreter\linkResolver.cpp, line 805]

VM Operations (4 events):
Event: 0.179 Executing VM operation: HandshakeAllThreads (Deoptimize)
Event: 0.179 Executing VM operation: HandshakeAllThreads (Deoptimize) done
Event: 0.403 Executing VM operation: HandshakeAllThreads (Deoptimize)
Event: 0.403 Executing VM operation: HandshakeAllThreads (Deoptimize) done

Memory protections (0 events):
No events

Nmethod flushes (0 events):
No events

Events (12 events):
Event: 0.032 Thread 0x00000238b65a1070 Thread added: 0x00000238b65a1070
Event: 0.046 Thread 0x00000238b65a1070 Thread added: 0x00000238d16cb770
Event: 0.046 Thread 0x00000238b65a1070 Thread added: 0x00000238d16cd4b0
Event: 0.047 Thread 0x00000238b65a1070 Thread added: 0x00000238d16d12b0
Event: 0.047 Thread 0x00000238b65a1070 Thread added: 0x00000238d16d1de0
Event: 0.047 Thread 0x00000238b65a1070 Thread added: 0x00000238d16d50c0
Event: 0.047 Thread 0x00000238b65a1070 Thread added: 0x00000238d16f9860
Event: 0.047 Thread 0x00000238b65a1070 Thread added: 0x00000238d16fce70
Event: 0.047 Thread 0x00000238b65a1070 Thread added: 0x00000238d1701dc0
Event: 0.204 Thread 0x00000238b65a1070 Thread added: 0x00000238d18de5d0
Event: 0.343 Thread 0x00000238b65a1070 Thread added: 0x000002391707e020
Event: 0.344 Thread 0x00000238b65a1070 Thread added: 0x00000239170a2290


Dynamic libraries:
0x00007ff7bac20000 - 0x00007ff7bac30000 	C:\Program Files\Java\jdk-24\bin\java.exe
0x00007ffb85a10000 - 0x00007ffb85c08000 	C:\WINDOWS\SYSTEM32\ntdll.dll
0x00007ffb64df0000 - 0x00007ffb64e10000 	C:\Program Files\Avast Software\Avast\aswhook.dll
0x00007ffb845c0000 - 0x00007ffb84682000 	C:\WINDOWS\System32\KERNEL32.DLL
0x00007ffb83420000 - 0x00007ffb83716000 	C:\WINDOWS\System32\KERNELBASE.dll
0x00007ffb837d0000 - 0x00007ffb838d0000 	C:\WINDOWS\System32\ucrtbase.dll
0x00007ffb7d840000 - 0x00007ffb7d856000 	C:\Program Files\Java\jdk-24\bin\jli.dll
0x00007ffb7d900000 - 0x00007ffb7d91b000 	C:\Program Files\Java\jdk-24\bin\VCRUNTIME140.dll
0x00007ffb84340000 - 0x00007ffb844e1000 	C:\WINDOWS\System32\USER32.dll
0x00007ffb83720000 - 0x00007ffb83742000 	C:\WINDOWS\System32\win32u.dll
0x00007ffb853b0000 - 0x00007ffb853db000 	C:\WINDOWS\System32\GDI32.dll
0x00007ffb5de20000 - 0x00007ffb5e0bb000 	C:\WINDOWS\WinSxS\amd64_microsoft.windows.common-controls_6595b64144ccf1df_6.0.19041.6456_none_60b8a6cb71f64256\COMCTL32.dll
0x00007ffb831b0000 - 0x00007ffb832c9000 	C:\WINDOWS\System32\gdi32full.dll
0x00007ffb85200000 - 0x00007ffb8529e000 	C:\WINDOWS\System32\msvcrt.dll
0x00007ffb83380000 - 0x00007ffb8341d000 	C:\WINDOWS\System32\msvcp_win.dll
0x00007ffb83a30000 - 0x00007ffb83a5f000 	C:\WINDOWS\System32\IMM32.DLL
0x00007ffb7d820000 - 0x00007ffb7d82c000 	C:\Program Files\Java\jdk-24\bin\vcruntime140_1.dll
0x00007ffb5af10000 - 0x00007ffb5af9e000 	C:\Program Files\Java\jdk-24\bin\msvcp140.dll
0x00007ffb1f3c0000 - 0x00007ffb20161000 	C:\Program Files\Java\jdk-24\bin\server\jvm.dll
0x00007ffb84be0000 - 0x00007ffb84c91000 	C:\WINDOWS\System32\ADVAPI32.dll
0x00007ffb84960000 - 0x00007ffb849ff000 	C:\WINDOWS\System32\sechost.dll
0x00007ffb84690000 - 0x00007ffb847b0000 	C:\WINDOWS\System32\RPCRT4.dll
0x00007ffb83180000 - 0x00007ffb831a7000 	C:\WINDOWS\System32\bcrypt.dll
0x00007ffb85840000 - 0x00007ffb858ab000 	C:\WINDOWS\System32\WS2_32.dll
0x00007ffb82f00000 - 0x00007ffb82f4b000 	C:\WINDOWS\SYSTEM32\POWRPROF.dll
0x00007ffb7b970000 - 0x00007ffb7b97a000 	C:\WINDOWS\SYSTEM32\VERSION.dll
0x00007ffb6a510000 - 0x00007ffb6a537000 	C:\WINDOWS\SYSTEM32\WINMM.dll
0x00007ffb82ee0000 - 0x00007ffb82ef2000 	C:\WINDOWS\SYSTEM32\UMPDC.dll
0x00007ffb818b0000 - 0x00007ffb818c2000 	C:\WINDOWS\SYSTEM32\kernel.appcore.dll
0x00007ffb7d680000 - 0x00007ffb7d68a000 	C:\Program Files\Java\jdk-24\bin\jimage.dll
0x00007ffb80df0000 - 0x00007ffb80ff1000 	C:\WINDOWS\SYSTEM32\DBGHELP.DLL
0x00007ffb76ed0000 - 0x00007ffb76f04000 	C:\WINDOWS\SYSTEM32\dbgcore.DLL
0x00007ffb830a0000 - 0x00007ffb83122000 	C:\WINDOWS\System32\bcryptPrimitives.dll
0x00007ffb7d670000 - 0x00007ffb7d67f000 	C:\Program Files\Java\jdk-24\bin\instrument.dll
0x00007ffb7c0a0000 - 0x00007ffb7c0be000 	C:\Program Files\Java\jdk-24\bin\java.dll
0x00007ffb84ab0000 - 0x00007ffb84bdb000 	C:\WINDOWS\System32\ole32.dll
0x00007ffb85400000 - 0x00007ffb85754000 	C:\WINDOWS\System32\combase.dll
0x00007ffb83b60000 - 0x00007ffb842d0000 	C:\WINDOWS\System32\SHELL32.dll
0x00007ffb810f0000 - 0x00007ffb81895000 	C:\WINDOWS\SYSTEM32\windows.storage.dll
0x00007ffb829f0000 - 0x00007ffb82a1b000 	C:\WINDOWS\SYSTEM32\Wldp.dll
0x00007ffb844f0000 - 0x00007ffb845bd000 	C:\WINDOWS\System32\OLEAUT32.dll
0x00007ffb84a00000 - 0x00007ffb84aad000 	C:\WINDOWS\System32\SHCORE.dll
0x00007ffb85760000 - 0x00007ffb857bb000 	C:\WINDOWS\System32\shlwapi.dll
0x00007ffb82fd0000 - 0x00007ffb82ff4000 	C:\WINDOWS\SYSTEM32\profapi.dll
0x00007ffb461d0000 - 0x00007ffb462a7000 	C:\Program Files\Java\jdk-24\bin\jsvml.dll
0x00007ffb7c040000 - 0x00007ffb7c057000 	C:\Program Files\Java\jdk-24\bin\zip.dll
0x00007ffb7d030000 - 0x00007ffb7d040000 	C:\Program Files\Java\jdk-24\bin\net.dll
0x00007ffb82750000 - 0x00007ffb827ba000 	C:\WINDOWS\system32\mswsock.dll
0x00007ffb7c080000 - 0x00007ffb7c096000 	C:\Program Files\Java\jdk-24\bin\nio.dll
0x00007ffb7ba80000 - 0x00007ffb7ba9a000 	C:\Users\VALERIE\Nueva carpeta\java.vale\IntelliJ IDEA Community Edition 2024.3.1\bin\breakgen64.dll
0x00007ffb7cfe0000 - 0x00007ffb7cfe9000 	C:\Program Files\Java\jdk-24\bin\extnet.dll

JVMTI agents:
C:\Users\VALERIE\Nueva carpeta\java.vale\IntelliJ IDEA Community Edition 2024.3.1\lib\idea_rt.jar path:C:\Program Files\Java\jdk-24\bin\instrument.dll, loaded, initialized, instrumentlib options:51056:C:\Users\VALERIE\Nueva carpeta\java.vale\IntelliJ IDEA Community Edition 2024.3.1\bin

dbghelp: loaded successfully - version: 4.0.5 - missing functions: none
symbol engine: initialized successfully - sym options: 0x614 - pdb path: .;C:\Program Files\Java\jdk-24\bin;C:\WINDOWS\SYSTEM32;C:\Program Files\Avast Software\Avast;C:\WINDOWS\WinSxS\amd64_microsoft.windows.common-controls_6595b64144ccf1df_6.0.19041.6456_none_60b8a6cb71f64256;C:\Program Files\Java\jdk-24\bin\server;C:\Users\VALERIE\Nueva carpeta\java.vale\IntelliJ IDEA Community Edition 2024.3.1\bin

VM Arguments:
jvm_args: -javaagent:C:\Users\VALERIE\Nueva carpeta\java.vale\IntelliJ IDEA Community Edition 2024.3.1\lib\idea_rt.jar=51056:C:\Users\VALERIE\Nueva carpeta\java.vale\IntelliJ IDEA Community Edition 2024.3.1\bin -Dfile.encoding=UTF-8 -Dsun.stdout.encoding=UTF-8 -Dsun.stderr.encoding=UTF-8 
java_command: com.ces2.trabajo3.Trabajo3Application
java_class_path (initial): C:\VALERIE TRABAJOS\trabajo3\target\classes;C:\Users\VALERIE\.m2\repository\org\springframework\boot\spring-boot-starter-data-jdbc\3.5.7\spring-boot-starter-data-jdbc-3.5.7.jar;C:\Users\VALERIE\.m2\repository\org\springframework\data\spring-data-jdbc\3.5.5\spring-data-jdbc-3.5.5.jar;C:\Users\VALERIE\.m2\repository\org\springframework\data\spring-data-relational\3.5.5\spring-data-relational-3.5.5.jar;C:\Users\VALERIE\.m2\repository\org\springframework\data\spring-data-commons\3.5.5\spring-data-commons-3.5.5.jar;C:\Users\VALERIE\.m2\repository\org\springframework\spring-tx\6.2.12\spring-tx-6.2.12.jar;C:\Users\VALERIE\.m2\repository\org\springframework\spring-context\6.2.12\spring-context-6.2.12.jar;C:\Users\VALERIE\.m2\repository\org\springframework\spring-beans\6.2.12\spring-beans-6.2.12.jar;C:\Users\VALERIE\.m2\repository\org\slf4j\slf4j-api\2.0.17\slf4j-api-2.0.17.jar;C:\Users\VALERIE\.m2\repository\org\springframework\boot\spring-boot-starter-jdbc\3.5.7\spring-boot-starter-jdbc-3.5.7.jar;C:\Users\VALERIE\.m2\repository\org\springframework\boot\spring-boot-starter\3.5.7\spring-boot-starter-3.5.7.jar;C:\Users\VALERIE\.m2\repository\org\springframework\boot\spring-boot-starter-logging\3.5.7\spring-boot-starter-logging-3.5.7.jar;C:\Users\VALERIE\.m2\repository\ch\qos\logback\logback-classic\1.5.20\logback-classic-1.5.20.jar;C:\Users\VALERIE\.m2\repository\ch\qos\logback\logback-core\1.5.20\logback-core-1.5.20.jar;C:\Users\VALERIE\.m2\repository\org\apache\logging\log4j\log4j-to-slf4j\2.24.3\log4j-to-slf4j-2.24.3.jar;C:\Users\VALERIE\.m2\repository\org\apache\logging\log4j\log4j-api\2.24.3\log4j-api-2.24.3.jar;C:\Users\VALERIE\.m2\repository\org\slf4j\jul-to-slf4j\2.0.17\jul-to-slf4j-2.0.17.jar;C:\Users\VALERIE\.m2\repository\jakarta\annotation\jakarta.annotation-api\2.1.1\jakarta.annotation-api-2.1.1.jar;C:\Users\VALERIE\.m2\repository\org\yaml\snakeyaml\2.4\snakeyaml-2.4.jar;C:\Users\VALERIE\.m2\repository\com\zaxxer\HikariCP\6.3.3\HikariCP-6.3.3.jar;C:\Users\VALERIE\.m2\repository\org\springframework\spring-jdbc\6.2.12\spring-jdbc-6.2.12.jar;C:\Users\VALERIE\.m2\repository\org\springframework\boot\spring-boot-starter-thymeleaf\3.5.7\spring-boot-starter-thymeleaf-3.5.7.jar;C:\Users\VALERIE\.m2\repository\org\thymeleaf\thymeleaf-spring6\3.1.3.RELEASE\thymeleaf-spring6-3.1.3.RELEASE.jar;C:\Users\VALERIE\.m2\repository\org\thymeleaf\thymeleaf\3.1.3.RELEASE\thymeleaf-3.1.3.RELEASE.jar;C:\Users\VALERIE\.m2\repository\org\attoparser\attoparser\2.0.7.RELEASE\attoparser-2.0.7.RELEASE.jar;C:\Users\VALERIE\.m2\repository\org\unbescape\unbescape\1.1.6.RELEASE\unbescape-1.1.6.RELEASE.jar;C:\Users\VALERIE\.m2\repository\org\springframework\boot\spring-boot-starter-validation\3.5.7\spring-boot-starter-validation-3.5.7.jar;C:\Users\VALERIE\.m2\repository\org\apache\tomcat\embed\tomcat-embed-el\10.1.48\tomcat-embed-el-10.1.48.jar;C:\Users\VALERIE\.m2\repository\org\hibernate\validator\hibernate-validator\8.0.3.Final\hibernate-validator-8.0.3.Final.jar;C:\Users\VALERIE\.m2\repository\jakarta\validation\jakarta.validation-api\3.0.2\jakarta.validation-api-3.0.2.jar;C:\Users\VALERIE\.m2\repository\org\jboss\logging\jboss-logging\3.6.1.Final\jboss-logging-3.6.1.Final.jar;C:\Users\VALERIE\.m2\repository\com\fasterxml\classmate\1.7.1\classmate-1.7.1.jar;C:\Users\VALERIE\.m2\repository\org\springframework\boot\spring-boot-starter-web\3.5.7\spring-boot-starter-web-3.5.7.jar;C:\Users\VALERIE\.m2\repository\org\springframework\boot\spring-boot-starter-json\3.5.7\spring-boot-starter-json-3.5.7.jar;C:\Users\VALERIE\.m2\repository\com\fasterxml\jackson\core\jackson-databind\2.19.2\jackson-databind-2.19.2.jar;C:\Users\VALERIE\.m2\repository\com\fasterxml\jackson\core\jackson-annotations\2.19.2\jackson-annotations-2.19.2.jar;C:\Users\VALERIE\.m2\repository\com\fasterxml\jackson\core\jackson-core\2.19.2\jackson-core-2.19.2.jar;C:\Users\VALERIE\.m2\repository\com\fasterxml\jackson\datatype\jackson-datatype-jdk8\2.19.2\jackson-datatype-jdk8-2.19.2.jar;C:\Users\VALERIE\.m2\repository\com\fasterxml\jackson\datatype\jackson-datatype-jsr310\2.19.2\jackson-datatype-jsr310-2.19.2.jar;C:\Users\VALERIE\.m2\repository\com\fasterxml\jackson\module\jackson-module-parameter-names\2.19.2\jackson-module-parameter-names-2.19.2.jar;C:\Users\VALERIE\.m2\repository\org\springframework\boot\spring-boot-starter-tomcat\3.5.7\spring-boot-starter-tomcat-3.5.7.jar;C:\Users\VALERIE\.m2\repository\org\apache\tomcat\embed\tomcat-embed-core\10.1.48\tomcat-embed-core-10.1.48.jar;C:\Users\VALERIE\.m2\repository\org\apache\tomcat\embed\tomcat-embed-websocket\10.1.48\tomcat-embed-websocket-10.1.48.jar;C:\Users\VALERIE\.m2\repository\org\springframework\spring-web\6.2.12\spring-web-6.2.12.jar;C:\Users\VALERIE\.m2\repository\io\micrometer\micrometer-observation\1.15.5\micrometer-observation-1.15.5.jar;C:\Users\VALERIE\.m2\repository\io\micrometer\micrometer-commons\1.15.5\micrometer-commons-1.15.5.jar;C:\Users\VALERIE\.m2\repository\org\springframework\spring-webmvc\6.2.12\spring-webmvc-6.2.12.jar;C:\Users\VALERIE\.m2\repository\org\springframework\spring-aop\6.2.12\spring-aop-6.2.12.jar;C:\Users\VALERIE\.m2\repository\org\springframework\spring-expression\6.2.12\spring-expression-6.2.12.jar;C:\Users\VALERIE\.m2\repository\org\springframework\boot\spring-boot-devtools\3.5.7\spring-boot-devtools-3.5.7.jar;C:\Users\VALERIE\.m2\repository\org\springframework\boot\spring-boot\3.5.7\spring-boot-3.5.7.jar;C:\Users\VALERIE\.m2\repository\org\springframework\boot\spring-boot-autoconfigure\3.5.7\spring-boot-autoconfigure-3.5.7.jar;C:\Users\VALERIE\.m2\repository\com\mysql\mysql-connector-j\9.4.0\mysql-connector-j-9.4.0.jar;C:\Users\VALERIE\.m2\repository\org\springframework\spring-core\6.2.12\spring-core-6.2.12.jar;C:\Users\VALERIE\.m2\repository\org\springframework\spring-jcl\6.2.12\spring-jcl-6.2.12.jar
Launcher Type: SUN_STANDARD

[Global flags]
     intx CICompilerCount                          = 3                                         {product} {ergonomic}
     uint ConcGCThreads                            = 1                                         {product} {ergonomic}
     uint G1ConcRefinementThreads                  = 4                                         {product} {ergonomic}
   size_t G1HeapRegionSize                         = 1048576                                   {product} {ergonomic}
   size_t InitialHeapSize                          = 65011712                                  {product} {ergonomic}
   size_t MarkStackSize                            = 4194304                                   {product} {ergonomic}
   size_t MarkStackSizeMax                         = 536870912                                 {product} {ergonomic}
   size_t MaxHeapSize                              = 1023410176                                {product} {ergonomic}
   size_t MaxNewSize                               = 613416960                                 {product} {ergonomic}
   size_t MinHeapDeltaBytes                        = 1048576                                   {product} {ergonomic}
   size_t MinHeapSize                              = 8388608                                   {product} {ergonomic}
    uintx NonNMethodCodeHeapSize                   = 5832704                                {pd product} {ergonomic}
    uintx NonProfiledCodeHeapSize                  = 122945536                              {pd product} {ergonomic}
    uintx ProfiledCodeHeapSize                     = 122880000                              {pd product} {ergonomic}
    uintx ReservedCodeCacheSize                    = 251658240                              {pd product} {ergonomic}
     bool SegmentedCodeCache                       = true                                      {product} {ergonomic}
   size_t SoftMaxHeapSize                          = 1023410176                             {manageable} {ergonomic}
     bool UseCompressedOops                        = true                           {product lp64_product} {ergonomic}
     bool UseG1GC                                  = true                                      {product} {ergonomic}
     bool UseLargePagesIndividualAllocation        = false                                  {pd product} {ergonomic}

Logging:
Log output configuration:
 #0: stdout all=warning uptime,level,tags foldmultilines=false
 #1: stderr all=off uptime,level,tags foldmultilines=false

Environment Variables:
PATH=C:\Program Files\Common Files\Oracle\Java\javapath;c:\Users\VALERIE\AppData\Local\Programs\cursor\resources\app\bin;C:\Program Files\Google\Chrome\Application;C:\Users\Python\Python312\Scripts\;C:\Users\Python\Python312\;C:\WINDOWS\system32;C:\WINDOWS;C:\WINDOWS\System32\Wbem;C:\WINDOWS\System32\WindowsPowerShell\v1.0\;C:\WINDOWS\System32\OpenSSH\;C:\Users\VALERIE\AppData\Local\Programs\Python\Python312\Scripts\;C:\Users\VALERIE\AppData\Local\Programs\Python\Python312\;C:\Users\VALERIE\Downloads\python programa\programa.py;c:\Users\VALERIE\AppData\Local\Programs\cursor\resources\app\bin;C:\Program Files\Git\cmd;C:\Users\VALERIE\AppData\Local\Programs\Python\Python312\Scripts\;C:\Users\VALERIE\AppData\Local\Programs\Python\Python312\;C:\Users\VALERIE\Downloads\python programa\programa.py;C:\Users\VALERIE\AppData\Local\Programs\Microsoft VS Code\bin;C:\Users\VALERIE\IntelliJ IDEA 2024.3.1\bin;;C:\Users\VALERIE\Nueva carpeta\java.vale\IntelliJ IDEA Community Edition 2024.3.1\bin;
USERNAME=VALERIE
OS=Windows_NT
PROCESSOR_IDENTIFIER=Intel64 Family 6 Model 142 Stepping 12, GenuineIntel
TMP=C:\Users\VALERIE\AppData\Local\Temp
TEMP=C:\Users\VALERIE\AppData\Local\Temp




Periodic native trim disabled

---------------  S Y S T E M  ---------------

OS:
 Windows 10 , 64 bit Build 19041 (10.0.19041.5915)
OS uptime: 3 days 21:40 hours

CPU: total 4 (initial active 4) (2 cores per cpu, 2 threads per core) family 6 model 142 stepping 12 microcode 0xd6, cx8, cmov, fxsr, ht, mmx, 3dnowpref, sse, sse2, sse3, ssse3, sse4.1, sse4.2, popcnt, lzcnt, tsc, tscinvbit, avx, avx2, aes, erms, clmul, bmi1, bmi2, adx, fma, vzeroupper, clflush, clflushopt, rdtscp, f16c
Processor Information for the first 4 processors :
  Max Mhz: 2592, Current Mhz: 2093, Mhz Limit: 2073

Memory: 4k page, system-wide physical 3900M (165M free)
TotalPageFile size 12092M (AvailPageFile size 5M)
current process WorkingSet (physical memory assigned to process): 64M, peak: 64M
current process commit charge ("private bytes"): 150M, peak: 151M

vm_info: Java HotSpot(TM) 64-Bit Server VM (24.0.2+12-54) for windows-amd64 JRE (24.0.2+12-54), built on 2025-07-08T12:10:27Z with MS VC++ 17.6 (VS2022)

END.
