#
# There is insufficient memory for the Java Runtime Environment to continue.
# Native memory allocation (malloc) failed to allocate 1048576 bytes. Error detail: AllocateHeap
# Possible reasons:
#   The system is out of physical RAM or swap space
#   This process is running with CompressedOops enabled, and the Java Heap may be blocking the growth of the native heap
# Possible solutions:
#   Reduce memory load on the system
#   Increase physical memory or swap space
#   Check if swap backing store is full
#   Decrease Java heap size (-Xmx/-Xms)
#   Decrease number of Java threads
#   Decrease Java thread stack sizes (-Xss)
#   Set larger code cache with -XX:ReservedCodeCacheSize=
#   JVM is running with Unscaled Compressed Oops mode in which the Java heap is
#     placed in the first 4GB address space. The Java Heap base address is the
#     maximum limit for the native heap growth. Please use -XX:HeapBaseMinAddress
#     to set the Java Heap base and to place the Java Heap above 4GB virtual address.
# This output file may be truncated or incomplete.
#
#  Out of Memory Error (allocation.cpp:44), pid=5304, tid=11036
#
# JRE version:  (24.0.2+12) (build )
# Java VM: Java HotSpot(TM) 64-Bit Server VM (24.0.2+12-54, mixed mode, sharing, tiered, compressed oops, compressed class ptrs, g1 gc, windows-amd64)
# No core dump will be written. Minidumps are not enabled by default on client versions of Windows
#

---------------  S U M M A R Y ------------

Command Line: -javaagent:C:\Users\VALERIE\Nueva carpeta\java.vale\IntelliJ IDEA Community Edition 2024.3.1\lib\idea_rt.jar=50833:C:\Users\VALERIE\Nueva carpeta\java.vale\IntelliJ IDEA Community Edition 2024.3.1\bin -Dfile.encoding=UTF-8 -Dsun.stdout.encoding=UTF-8 -Dsun.stderr.encoding=UTF-8 com.ces2.trabajo3.Trabajo3Application

Host: Intel(R) Core(TM) i3-10110U CPU @ 2.10GHz, 4 cores, 3G,  Windows 10 , 64 bit Build 19041 (10.0.19041.5915)
Time: Tue Nov 18 16:13:54 2025 Hora est. Pacífico, Sudamérica elapsed time: 0.016406 seconds (0d 0h 0m 0s)

---------------  T H R E A D  ---------------

Current thread (0x000002a07f9ddd10):  JavaThread "Unknown thread" [_thread_in_vm, id=11036, stack(0x000000c34f600000,0x000000c34f700000) (1024K)]

Stack: [0x000000c34f600000,0x000000c34f700000]
Native frames: (J=compiled Java code, j=interpreted, Vv=VM code, C=native code)
V  [jvm.dll+0x730829]  (no source info available)
V  [jvm.dll+0x8d9da3]  (no source info available)
V  [jvm.dll+0x8dc28d]  (no source info available)
V  [jvm.dll+0x8dc903]  (no source info available)
V  [jvm.dll+0x2a9f56]  (no source info available)
V  [jvm.dll+0xbea27]  (no source info available)
V  [jvm.dll+0x3666b5]  (no source info available)
V  [jvm.dll+0x35dda1]  (no source info available)
V  [jvm.dll+0x89d50f]  (no source info available)
V  [jvm.dll+0x3f979d]  (no source info available)
V  [jvm.dll+0x885b66]  (no source info available)
V  [jvm.dll+0x495e7e]  (no source info available)
V  [jvm.dll+0x497c51]  (no source info available)
C  [jli.dll+0x52a1]  (no source info available)
C  [ucrtbase.dll+0x21bb2]  (no source info available)
C  [KERNEL32.DLL+0x17374]  (no source info available)
C  [ntdll.dll+0x4cc91]  (no source info available)

Lock stack of current Java thread (top to bottom):


---------------  P R O C E S S  ---------------

Threads class SMR info:
_java_thread_list=0x00007ffb1ffff318, length=0, elements={
}

Java Threads: ( => current thread )
Total: 0

Other Threads:
  0x000002a07fa15300 WorkerThread "GC Thread#0"                     [id=3596, stack(0x000000c34f700000,0x000000c34f800000) (1024K)]

[error occurred during error reporting (printing all threads), id 0xc0000005, EXCEPTION_ACCESS_VIOLATION (0xc0000005) at pc=0x00007ffb1f72bb80]
VM state: not at safepoint (not fully initialized)

VM Mutex/Monitor currently owned by a thread:  ([mutex/lock_event])
[0x00007ffb200845f0] Heap_lock - owner thread: 0x000002a07f9ddd10

Heap address: 0x00000000c3000000, size: 976 MB, Compressed Oops mode: 32-bit

CDS archive(s) mapped at: [0x0000000000000000-0x0000000000000000-0x0000000000000000), size 0, SharedBaseAddress: 0x0000000800000000, ArchiveRelocationMode: 1.
UseCompressedClassPointers 1, UseCompactObjectHeaders 0
Narrow klass pointer bits 32, Max shift 3
Narrow klass base: 0xffffffffffffffff, Narrow klass shift: -1
Encoding Range: [0xffffffffffffffff - 0x000000007fffffff), (2147483648 bytes)
Klass Range:    [0x0000000000000000 - 0x0000000000000000), (0 bytes)
Klass ID Range:  [4294967295 - 0) (1)

GC Precious Log:
 CardTable entry size: 512
 Card Set container configuration: InlinePtr #cards 5 size 8 Array Of Cards #cards 10 size 36 Howl #buckets 4 coarsen threshold 1843 Howl Bitmap #cards 512 size 80 coarsen threshold 460 Card regions per heap region 1 cards per card region 2048

Heap:
 garbage-first heap   total reserved 999424K, committed 0K, used 0K [0x00000000c3000000, 0x0000000100000000)
  region size 1024K, 0 young (0K), 0 survivors (0K)

[error occurred during error reporting (printing heap information), id 0xc0000005, EXCEPTION_ACCESS_VIOLATION (0xc0000005) at pc=0x00007ffb1fb4e679]
GC Heap History (0 events):
No events

Dll operation events (1 events):
Event: 0.012 Loaded shared library C:\Program Files\Java\jdk-24\bin\java.dll

Deoptimization events (0 events):
No events

Classes loaded (0 events):
No events

Classes unloaded (0 events):
No events

Classes redefined (0 events):
No events

Internal exceptions (0 events):
No events

VM Operations (0 events):
No events

Memory protections (0 events):
No events

Nmethod flushes (0 events):
No events

Events (0 events):
No events


Dynamic libraries:
0x00007ff6e2520000 - 0x00007ff6e2530000 	C:\Program Files\Java\jdk-24\bin\java.exe
0x00007ffb85a10000 - 0x00007ffb85c08000 	C:\WINDOWS\SYSTEM32\ntdll.dll
0x00007ffb64df0000 - 0x00007ffb64e10000 	C:\Program Files\Avast Software\Avast\aswhook.dll
0x00007ffb845c0000 - 0x00007ffb84682000 	C:\WINDOWS\System32\KERNEL32.DLL
0x00007ffb83420000 - 0x00007ffb83716000 	C:\WINDOWS\System32\KERNELBASE.dll
0x00007ffb837d0000 - 0x00007ffb838d0000 	C:\WINDOWS\System32\ucrtbase.dll
0x00007ffb7d840000 - 0x00007ffb7d856000 	C:\Program Files\Java\jdk-24\bin\jli.dll
0x00007ffb7d900000 - 0x00007ffb7d91b000 	C:\Program Files\Java\jdk-24\bin\VCRUNTIME140.dll
0x00007ffb84340000 - 0x00007ffb844e1000 	C:\WINDOWS\System32\USER32.dll
0x00007ffb83720000 - 0x00007ffb83742000 	C:\WINDOWS\System32\win32u.dll
0x00007ffb5de20000 - 0x00007ffb5e0bb000 	C:\WINDOWS\WinSxS\amd64_microsoft.windows.common-controls_6595b64144ccf1df_6.0.19041.6456_none_60b8a6cb71f64256\COMCTL32.dll
0x00007ffb853b0000 - 0x00007ffb853db000 	C:\WINDOWS\System32\GDI32.dll
0x00007ffb85200000 - 0x00007ffb8529e000 	C:\WINDOWS\System32\msvcrt.dll
0x00007ffb831b0000 - 0x00007ffb832c9000 	C:\WINDOWS\System32\gdi32full.dll
0x00007ffb83380000 - 0x00007ffb8341d000 	C:\WINDOWS\System32\msvcp_win.dll
0x00007ffb83a30000 - 0x00007ffb83a5f000 	C:\WINDOWS\System32\IMM32.DLL
0x00007ffb7d820000 - 0x00007ffb7d82c000 	C:\Program Files\Java\jdk-24\bin\vcruntime140_1.dll
0x00007ffb5af10000 - 0x00007ffb5af9e000 	C:\Program Files\Java\jdk-24\bin\msvcp140.dll
0x00007ffb1f3c0000 - 0x00007ffb20161000 	C:\Program Files\Java\jdk-24\bin\server\jvm.dll
0x00007ffb84be0000 - 0x00007ffb84c91000 	C:\WINDOWS\System32\ADVAPI32.dll
0x00007ffb84960000 - 0x00007ffb849ff000 	C:\WINDOWS\System32\sechost.dll
0x00007ffb84690000 - 0x00007ffb847b0000 	C:\WINDOWS\System32\RPCRT4.dll
0x00007ffb83180000 - 0x00007ffb831a7000 	C:\WINDOWS\System32\bcrypt.dll
0x00007ffb85840000 - 0x00007ffb858ab000 	C:\WINDOWS\System32\WS2_32.dll
0x00007ffb82f00000 - 0x00007ffb82f4b000 	C:\WINDOWS\SYSTEM32\POWRPROF.dll
0x00007ffb7b970000 - 0x00007ffb7b97a000 	C:\WINDOWS\SYSTEM32\VERSION.dll
0x00007ffb6a510000 - 0x00007ffb6a537000 	C:\WINDOWS\SYSTEM32\WINMM.dll
0x00007ffb82ee0000 - 0x00007ffb82ef2000 	C:\WINDOWS\SYSTEM32\UMPDC.dll
0x00007ffb818b0000 - 0x00007ffb818c2000 	C:\WINDOWS\SYSTEM32\kernel.appcore.dll
0x00007ffb7d680000 - 0x00007ffb7d68a000 	C:\Program Files\Java\jdk-24\bin\jimage.dll
0x00007ffb80df0000 - 0x00007ffb80ff1000 	C:\WINDOWS\SYSTEM32\DBGHELP.DLL
0x00007ffb76ed0000 - 0x00007ffb76f04000 	C:\WINDOWS\SYSTEM32\dbgcore.DLL
0x00007ffb830a0000 - 0x00007ffb83122000 	C:\WINDOWS\System32\bcryptPrimitives.dll
0x00007ffb7d670000 - 0x00007ffb7d67f000 	C:\Program Files\Java\jdk-24\bin\instrument.dll
0x00007ffb7c0a0000 - 0x00007ffb7c0be000 	C:\Program Files\Java\jdk-24\bin\java.dll
0x00007ffb84ab0000 - 0x00007ffb84bdb000 	C:\WINDOWS\System32\ole32.dll
0x00007ffb85400000 - 0x00007ffb85754000 	C:\WINDOWS\System32\combase.dll
0x00007ffb83b60000 - 0x00007ffb842d0000 	C:\WINDOWS\System32\SHELL32.dll

JVMTI agents:
C:\Users\VALERIE\Nueva carpeta\java.vale\IntelliJ IDEA Community Edition 2024.3.1\lib\idea_rt.jar path:none, loaded, not initialized, instrumentlib options:50833:C:\Users\VALERIE\Nueva carpeta\java.vale\IntelliJ IDEA Community Edition 2024.3.1\bin

dbghelp: loaded successfully - version: 4.0.5 - missing functions: none
symbol engine: initialized successfully - sym options: 0x614 - pdb path: .;C:\Program Files\Java\jdk-24\bin;C:\WINDOWS\SYSTEM32;C:\Program Files\Avast Software\Avast;C:\WINDOWS\WinSxS\amd64_microsoft.windows.common-controls_6595b64144ccf1df_6.0.19041.6456_none_60b8a6cb71f64256;C:\Program Files\Java\jdk-24\bin\server

VM Arguments:
jvm_args: -javaagent:C:\Users\VALERIE\Nueva carpeta\java.vale\IntelliJ IDEA Community Edition 2024.3.1\lib\idea_rt.jar=50833:C:\Users\VALERIE\Nueva carpeta\java.vale\IntelliJ IDEA Community Edition 2024.3.1\bin -Dfile.encoding=UTF-8 -Dsun.stdout.encoding=UTF-8 -Dsun.stderr.encoding=UTF-8 
java_command: com.ces2.trabajo3.Trabajo3Application
java_class_path (initial): C:\VALERIE TRABAJOS\trabajo3\target\classes;C:\Users\VALERIE\.m2\repository\org\springframework\boot\spring-boot-starter-data-jdbc\3.5.7\spring-boot-starter-data-jdbc-3.5.7.jar;C:\Users\VALERIE\.m2\repository\org\springframework\data\spring-data-jdbc\3.5.5\spring-data-jdbc-3.5.5.jar;C:\Users\VALERIE\.m2\repository\org\springframework\data\spring-data-relational\3.5.5\spring-data-relational-3.5.5.jar;C:\Users\VALERIE\.m2\repository\org\springframework\data\spring-data-commons\3.5.5\spring-data-commons-3.5.5.jar;C:\Users\VALERIE\.m2\repository\org\springframework\spring-tx\6.2.12\spring-tx-6.2.12.jar;C:\Users\VALERIE\.m2\repository\org\springframework\spring-context\6.2.12\spring-context-6.2.12.jar;C:\Users\VALERIE\.m2\repository\org\springframework\spring-beans\6.2.12\spring-beans-6.2.12.jar;C:\Users\VALERIE\.m2\repository\org\slf4j\slf4j-api\2.0.17\slf4j-api-2.0.17.jar;C:\Users\VALERIE\.m2\repository\org\springframework\boot\spring-boot-starter-jdbc\3.5.7\spring-boot-starter-jdbc-3.5.7.jar;C:\Users\VALERIE\.m2\repository\org\springframework\boot\spring-boot-starter\3.5.7\spring-boot-starter-3.5.7.jar;C:\Users\VALERIE\.m2\repository\org\springframework\boot\spring-boot-starter-logging\3.5.7\spring-boot-starter-logging-3.5.7.jar;C:\Users\VALERIE\.m2\repository\ch\qos\logback\logback-classic\1.5.20\logback-classic-1.5.20.jar;C:\Users\VALERIE\.m2\repository\ch\qos\logback\logback-core\1.5.20\logback-core-1.5.20.jar;C:\Users\VALERIE\.m2\repository\org\apache\logging\log4j\log4j-to-slf4j\2.24.3\log4j-to-slf4j-2.24.3.jar;C:\Users\VALERIE\.m2\repository\org\apache\logging\log4j\log4j-api\2.24.3\log4j-api-2.24.3.jar;C:\Users\VALERIE\.m2\repository\org\slf4j\jul-to-slf4j\2.0.17\jul-to-slf4j-2.0.17.jar;C:\Users\VALERIE\.m2\repository\jakarta\annotation\jakarta.annotation-api\2.1.1\jakarta.annotation-api-2.1.1.jar;C:\Users\VALERIE\.m2\repository\org\yaml\snakeyaml\2.4\snakeyaml-2.4.jar;C:\Users\VALERIE\.m2\repository\com\zaxxer\HikariCP\6.3.3\HikariCP-6.3.3.jar;C:\Users\VALERIE\.m2\repository\org\springframework\spring-jdbc\6.2.12\spring-jdbc-6.2.12.jar;C:\Users\VALERIE\.m2\repository\org\springframework\boot\spring-boot-starter-thymeleaf\3.5.7\spring-boot-starter-thymeleaf-3.5.7.jar;C:\Users\VALERIE\.m2\repository\org\thymeleaf\thymeleaf-spring6\3.1.3.RELEASE\thymeleaf-spring6-3.1.3.RELEASE.jar;C:\Users\VALERIE\.m2\repository\org\thymeleaf\thymeleaf\3.1.3.RELEASE\thymeleaf-3.1.3.RELEASE.jar;C:\Users\VALERIE\.m2\repository\org\attoparser\attoparser\2.0.7.RELEASE\attoparser-2.0.7.RELEASE.jar;C:\Users\VALERIE\.m2\repository\org\unbescape\unbescape\1.1.6.RELEASE\unbescape-1.1.6.RELEASE.jar;C:\Users\VALERIE\.m2\repository\org\springframework\boot\spring-boot-starter-validation\3.5.7\spring-boot-starter-validation-3.5.7.jar;C:\Users\VALERIE\.m2\repository\org\apache\tomcat\embed\tomcat-embed-el\10.1.48\tomcat-embed-el-10.1.48.jar;C:\Users\VALERIE\.m2\repository\org\hibernate\validator\hibernate-validator\8.0.3.Final\hibernate-validator-8.0.3.Final.jar;C:\Users\VALERIE\.m2\repository\jakarta\validation\jakarta.validation-api\3.0.2\jakarta.validation-api-3.0.2.jar;C:\Users\VALERIE\.m2\repository\org\jboss\logging\jboss-logging\3.6.1.Final\jboss-logging-3.6.1.Final.jar;C:\Users\VALERIE\.m2\repository\com\fasterxml\classmate\1.7.1\classmate-1.7.1.jar;C:\Users\VALERIE\.m2\repository\org\springframework\boot\spring-boot-starter-web\3.5.7\spring-boot-starter-web-3.5.7.jar;C:\Users\VALERIE\.m2\repository\org\springframework\boot\spring-boot-starter-json\3.5.7\spring-boot-starter-json-3.5.7.jar;C:\Users\VALERIE\.m2\repository\com\fasterxml\jackson\core\jackson-databind\2.19.2\jackson-databind-2.19.2.jar;C:\Users\VALERIE\.m2\repository\com\fasterxml\jackson\core\jackson-annotations\2.19.2\jackson-annotations-2.19.2.jar;C:\Users\VALERIE\.m2\repository\com\fasterxml\jackson\core\jackson-core\2.19.2\jackson-core-2.19.2.jar;C:\Users\VALERIE\.m2\repository\com\fasterxml\jackson\datatype\jackson-datatype-jdk8\2.19.2\jackson-datatype-jdk8-2.19.2.jar;C:\Users\VALERIE\.m2\repository\com\fasterxml\jackson\datatype\jackson-datatype-jsr310\2.19.2\jackson-datatype-jsr310-2.19.2.jar;C:\Users\VALERIE\.m2\repository\com\fasterxml\jackson\module\jackson-module-parameter-names\2.19.2\jackson-module-parameter-names-2.19.2.jar;C:\Users\VALERIE\.m2\repository\org\springframework\boot\spring-boot-starter-tomcat\3.5.7\spring-boot-starter-tomcat-3.5.7.jar;C:\Users\VALERIE\.m2\repository\org\apache\tomcat\embed\tomcat-embed-core\10.1.48\tomcat-embed-core-10.1.48.jar;C:\Users\VALERIE\.m2\repository\org\apache\tomcat\embed\tomcat-embed-websocket\10.1.48\tomcat-embed-websocket-10.1.48.jar;C:\Users\VALERIE\.m2\repository\org\springframework\spring-web\6.2.12\spring-web-6.2.12.jar;C:\Users\VALERIE\.m2\repository\io\micrometer\micrometer-observation\1.15.5\micrometer-observation-1.15.5.jar;C:\Users\VALERIE\.m2\repository\io\micrometer\micrometer-commons\1.15.5\micrometer-commons-1.15.5.jar;C:\Users\VALERIE\.m2\repository\org\springframework\spring-webmvc\6.2.12\spring-webmvc-6.2.12.jar;C:\Users\VALERIE\.m2\repository\org\springframework\spring-aop\6.2.12\spring-aop-6.2.12.jar;C:\Users\VALERIE\.m2\repository\org\springframework\spring-expression\6.2.12\spring-expression-6.2.12.jar;C:\Users\VALERIE\.m2\repository\org\springframework\boot\spring-boot-devtools\3.5.7\spring-boot-devtools-3.5.7.jar;C:\Users\VALERIE\.m2\repository\org\springframework\boot\spring-boot\3.5.7\spring-boot-3.5.7.jar;C:\Users\VALERIE\.m2\repository\org\springframework\boot\spring-boot-autoconfigure\3.5.7\spring-boot-autoconfigure-3.5.7.jar;C:\Users\VALERIE\.m2\repository\com\mysql\mysql-connector-j\9.4.0\mysql-connector-j-9.4.0.jar;C:\Users\VALERIE\.m2\repository\org\springframework\spring-core\6.2.12\spring-core-6.2.12.jar;C:\Users\VALERIE\.m2\repository\org\springframework\spring-jcl\6.2.12\spring-jcl-6.2.12.jar
Launcher Type: SUN_STANDARD

[Global flags]
     intx CICompilerCount                          = 3                                         {product} {ergonomic}
     uint ConcGCThreads                            = 1                                         {product} {ergonomic}
     uint G1ConcRefinementThreads                  = 4                                         {product} {ergonomic}
   size_t G1HeapRegionSize                         = 1048576                                   {product} {ergonomic}
   size_t InitialHeapSize                          = 65011712                                  {product} {ergonomic}
   size_t MarkStackSize                            = 4194304                                   {product} {ergonomic}
   size_t MarkStackSizeMax                         = 536870912                                 {product} {ergonomic}
   size_t MaxHeapSize                              = 1023410176                                {product} {ergonomic}
   size_t MinHeapDeltaBytes                        = 1048576                                   {product} {ergonomic}
   size_t MinHeapSize                              = 8388608                                   {product} {ergonomic}
    uintx NonNMethodCodeHeapSize                   = 5832704                                {pd product} {ergonomic}
    uintx NonProfiledCodeHeapSize                  = 122945536                              {pd product} {ergonomic}
    uintx ProfiledCodeHeapSize                     = 122880000                              {pd product} {ergonomic}
    uintx ReservedCodeCacheSize                    = 251658240                              {pd product} {ergonomic}
     bool SegmentedCodeCache                       = true                                      {product} {ergonomic}
   size_t SoftMaxHeapSize                          = 1023410176                             {manageable} {ergonomic}
     bool UseCompressedOops                        = true                           {product lp64_product} {ergonomic}
     bool UseG1GC                                  = true                                      {product} {ergonomic}
     bool UseLargePagesIndividualAllocation        = false                                  {pd product} {ergonomic}

Logging:
Log output configuration:
 #0: stdout all=warning uptime,level,tags foldmultilines=false
 #1: stderr all=off uptime,level,tags foldmultilines=false

Environment Variables:
PATH=C:\Program Files\Common Files\Oracle\Java\javapath;c:\Users\VALERIE\AppData\Local\Programs\cursor\resources\app\bin;C:\Program Files\Google\Chrome\Application;C:\Users\Python\Python312\Scripts\;C:\Users\Python\Python312\;C:\WINDOWS\system32;C:\WINDOWS;C:\WINDOWS\System32\Wbem;C:\WINDOWS\System32\WindowsPowerShell\v1.0\;C:\WINDOWS\System32\OpenSSH\;C:\Users\VALERIE\AppData\Local\Programs\Python\Python312\Scripts\;C:\Users\VALERIE\AppData\Local\Programs\Python\Python312\;C:\Users\VALERIE\Downloads\python programa\programa.py;c:\Users\VALERIE\AppData\Local\Programs\cursor\resources\app\bin;C:\Program Files\Git\cmd;C:\Users\VALERIE\AppData\Local\Programs\Python\Python312\Scripts\;C:\Users\VALERIE\AppData\Local\Programs\Python\Python312\;C:\Users\VALERIE\Downloads\python programa\programa.py;C:\Users\VALERIE\AppData\Local\Programs\Microsoft VS Code\bin;C:\Users\VALERIE\IntelliJ IDEA 2024.3.1\bin;;C:\Users\VALERIE\Nueva carpeta\java.vale\IntelliJ IDEA Community Edition 2024.3.1\bin;
USERNAME=VALERIE
OS=Windows_NT
PROCESSOR_IDENTIFIER=Intel64 Family 6 Model 142 Stepping 12, GenuineIntel
TMP=C:\Users\VALERIE\AppData\Local\Temp
TEMP=C:\Users\VALERIE\AppData\Local\Temp




Periodic native trim disabled

---------------  S Y S T E M  ---------------

OS:
 Windows 10 , 64 bit Build 19041 (10.0.19041.5915)
OS uptime: 3 days 21:33 hours

CPU: total 4 (initial active 4) (2 cores per cpu, 2 threads per core) family 6 model 142 stepping 12 microcode 0xd6, cx8, cmov, fxsr, ht, mmx, 3dnowpref, sse, sse2, sse3, ssse3, sse4.1, sse4.2, popcnt, lzcnt, tsc, tscinvbit, avx, avx2, aes, erms, clmul, bmi1, bmi2, adx, fma, vzeroupper, clflush, clflushopt, rdtscp, f16c
Processor Information for the first 4 processors :
  Max Mhz: 2592, Current Mhz: 2093, Mhz Limit: 2073

Memory: 4k page, system-wide physical 3900M (417M free)
TotalPageFile size 12092M (AvailPageFile size 2M)
current process WorkingSet (physical memory assigned to process): 11M, peak: 11M
current process commit charge ("private bytes"): 48M, peak: 49M

vm_info: Java HotSpot(TM) 64-Bit Server VM (24.0.2+12-54) for windows-amd64 JRE (24.0.2+12-54), built on 2025-07-08T12:10:27Z with MS VC++ 17.6 (VS2022)

END.
